<?xml version="1.0" encoding="UTF-8"?>
<!-- Generated by org.testng.reporters.JUnitReportReporter -->
<testsuite hostname="DESKTOP-GTM5910" failures="0" tests="3" name="test.RS_SampleforTest2" time="0.016" errors="0" timestamp="2024-01-19T19:56:51 IST" skipped="0">
  <testcase classname="test.RS_SampleforTest2" name="testA" time="0.011"/>
  <testcase classname="test.RS_SampleforTest2" name="testB" time="0.003"/>
  <testcase classname="test.RS_SampleforTest2" name="testC" time="0.002"/>
</testsuite> <!-- test.RS_SampleforTest2 -->
