<?xml version="1.0" encoding="UTF-8"?>
<!-- Generated by org.testng.reporters.JUnitReportReporter -->
<testsuite hostname="DESKTOP-GTM5910" failures="0" tests="5" name="test.RS_Sample" time="0.885" errors="0" timestamp="2024-01-19T21:35:09 IST" skipped="1">
  <testcase classname="test.RS_Sample" name="datatest" time="0.089"/>
  <testcase classname="test.RS_Sample" name="testB" time="0.326"/>
  <testcase classname="test.RS_Sample" name="testC" time="0.091"/>
  <testcase classname="test.RS_Sample" name="datatest" time="0.379"/>
  <testcase classname="test.RS_Sample" name="testA">
    <skipped/>
  </testcase> <!-- testA -->
</testsuite> <!-- test.RS_Sample -->
