<?xml version="1.0" encoding="UTF-8"?>
<!-- Generated by org.testng.reporters.JUnitReportReporter -->
<testsuite hostname="DESKTOP-GTM5910" failures="0" tests="3" name="test.RS_LoginPageTest" time="8.911" errors="0" timestamp="2024-01-19T19:56:51 IST" skipped="0">
  <testcase classname="test.RS_LoginPageTest" name="verifyLoginPageTitleTest" time="4.221"/>
  <testcase classname="test.RS_LoginPageTest" name="verifyUserAbletoLoginwithCorrectCredentialsTest" time="2.864"/>
  <testcase classname="test.RS_LoginPageTest" name="useParameterhere" time="1.826"/>
</testsuite> <!-- test.RS_LoginPageTest -->
